2024-12-17 17:10:08 =CRASH REPORT====
  crasher:
    initial call: application_master:init/3
    pid: <0.272.0>
    registered_name: []
    process_label: undefined
    exception exit: {{bad_return,{{server,start,[normal,start]},{'EXIT',{undef,[{server,start,[normal,start],[]},{application_master,start_it_old,4,[{file,"application_master.erl"},{line,295}]}]}}}},[{application_master,init,3,[{file,"application_master.erl"},{line,143}]},{proc_lib,init_p_do_apply,3,[{file,"proc_lib.erl"},{line,329}]}]}
    ancestors: [application_controller,<0.10.0>]
    message_queue_len: 1
    messages: [{'EXIT',<0.273.0>,normal}]
    links: [<0.45.0>]
    dictionary: []
    trap_exit: true
    status: running
    heap_size: 376
    stack_size: 29
    reductions: 74
  neighbours:
2024-12-17 17:13:16 =CRASH REPORT====
  crasher:
    initial call: application_master:init/3
    pid: <0.272.0>
    registered_name: []
    process_label: undefined
    exception exit: {{bad_return,{{server,start,[normal,start]},{'EXIT',{undef,[{server,start,[normal,start],[]},{application_master,start_it_old,4,[{file,"application_master.erl"},{line,295}]}]}}}},[{application_master,init,3,[{file,"application_master.erl"},{line,143}]},{proc_lib,init_p_do_apply,3,[{file,"proc_lib.erl"},{line,329}]}]}
    ancestors: [application_controller,<0.10.0>]
    message_queue_len: 1
    messages: [{'EXIT',<0.273.0>,normal}]
    links: [<0.45.0>]
    dictionary: []
    trap_exit: true
    status: running
    heap_size: 376
    stack_size: 29
    reductions: 74
  neighbours:
2024-12-17 17:18:24 =CRASH REPORT====
  crasher:
    initial call: application_master:init/3
    pid: <0.272.0>
    registered_name: []
    process_label: undefined
    exception exit: {{bad_return,{{server,start,[normal,start]},{'EXIT',{undef,[{server,start,[normal,start],[]},{application_master,start_it_old,4,[{file,"application_master.erl"},{line,295}]}]}}}},[{application_master,init,3,[{file,"application_master.erl"},{line,143}]},{proc_lib,init_p_do_apply,3,[{file,"proc_lib.erl"},{line,329}]}]}
    ancestors: [application_controller,<0.10.0>]
    message_queue_len: 1
    messages: [{'EXIT',<0.273.0>,normal}]
    links: [<0.45.0>]
    dictionary: []
    trap_exit: true
    status: running
    heap_size: 376
    stack_size: 29
    reductions: 74
  neighbours:
2024-12-17 17:18:49 =CRASH REPORT====
  crasher:
    initial call: application_master:init/3
    pid: <0.272.0>
    registered_name: []
    process_label: undefined
    exception exit: {{bad_return,{{server,start,[normal,start]},{'EXIT',{undef,[{server,start,[normal,start],[]},{application_master,start_it_old,4,[{file,"application_master.erl"},{line,295}]}]}}}},[{application_master,init,3,[{file,"application_master.erl"},{line,143}]},{proc_lib,init_p_do_apply,3,[{file,"proc_lib.erl"},{line,329}]}]}
    ancestors: [application_controller,<0.10.0>]
    message_queue_len: 1
    messages: [{'EXIT',<0.273.0>,normal}]
    links: [<0.45.0>]
    dictionary: []
    trap_exit: true
    status: running
    heap_size: 376
    stack_size: 29
    reductions: 74
  neighbours:
2024-12-17 17:20:47 =CRASH REPORT====
  crasher:
    initial call: application_master:init/3
    pid: <0.272.0>
    registered_name: []
    process_label: undefined
    exception exit: {{bad_return,{{server,start,[normal,start]},{'EXIT',{function_clause,[{server,start,[normal,start],[{file,"/Users/bruno-t99/Desktop/it/projects/iosValidator/src/server.erl"},{line,4}]},{application_master,start_it_old,4,[{file,"application_master.erl"},{line,295}]}]}}}},[{application_master,init,3,[{file,"application_master.erl"},{line,143}]},{proc_lib,init_p_do_apply,3,[{file,"proc_lib.erl"},{line,329}]}]}
    ancestors: [application_controller,<0.10.0>]
    message_queue_len: 1
    messages: [{'EXIT',<0.273.0>,normal}]
    links: [<0.45.0>]
    dictionary: []
    trap_exit: true
    status: running
    heap_size: 376
    stack_size: 29
    reductions: 73
  neighbours:
